\BOOKMARK [1][-]{section.1}{1 Einleitung}{}% 1
\BOOKMARK [1][-]{section.2}{2 Grundlagen}{}% 2
\BOOKMARK [2][-]{subsection.2.1}{2.1 Flight Controller}{section.2}% 3
\BOOKMARK [2][-]{subsection.2.2}{2.2 AMiRo}{section.2}% 4
\BOOKMARK [2][-]{subsection.2.3}{2.3 Telewerkbank}{section.2}% 5
\BOOKMARK [2][-]{subsection.2.4}{2.4 Kommunikation der Systeme}{section.2}% 6
\BOOKMARK [1][-]{section.3}{3 Modellbeschreibung}{}% 7
\BOOKMARK [2][-]{subsection.3.1}{3.1 Extended Kalman Filter}{section.3}% 8
\BOOKMARK [3][-]{subsubsection.3.1.1}{3.1.1 Modell der Zustandssch\344tzung}{subsection.3.1}% 9
\BOOKMARK [3][-]{subsubsection.3.1.2}{3.1.2 Sensormodell}{subsection.3.1}% 10
\BOOKMARK [3][-]{subsubsection.3.1.3}{3.1.3 Ermittelung der Kovarianz des Messrauschens}{subsection.3.1}% 11
\BOOKMARK [2][-]{subsection.3.2}{3.2 Positionsregelung}{section.3}% 12
\BOOKMARK [1][-]{section.4}{4 Modellierung mit MatLab/Simulink}{}% 13
\BOOKMARK [2][-]{subsection.4.1}{4.1 Extended Kalman-Filter in Simulink}{section.4}% 14
\BOOKMARK [2][-]{subsection.4.2}{4.2 title}{section.4}% 15
\BOOKMARK [1][-]{section.5}{5 Zusammenfassung}{}% 16
\BOOKMARK [1][-]{section.5}{Abbildungsverzeichnis}{}% 17
\BOOKMARK [1][-]{section*.2}{Tabellenverzeichnis}{}% 18
\BOOKMARK [1][-]{section*.3}{Literaturverzeichnis}{}% 19
\BOOKMARK [1][-]{section*.4}{Anhang}{}% 20
